0 info it worked if it ends with ok
1 verbose cli [ 'node',
1 verbose cli   '/opt/boxen/nodenv/versions/v0.10/bin/npm',
1 verbose cli   'run',
1 verbose cli   'deploy' ]
2 info using npm@1.4.6
3 info using node@v0.10.21
4 verbose node symlink /opt/boxen/nodenv/versions/v0.10/bin/node
5 verbose run-script [ 'predeploy', 'deploy', 'postdeploy' ]
6 info predeploy jlord.github.io@0.0.0
7 info deploy jlord.github.io@0.0.0
8 verbose unsafe-perm in lifecycle true
9 info jlord.github.io@0.0.0 Failed to exec deploy script
10 error jlord.github.io@0.0.0 deploy: `npm run git-co && npm run prep && npm run git-commit && npm run git-push`
10 error Exit status 1
11 error Failed at the jlord.github.io@0.0.0 deploy script.
11 error This is most likely a problem with the jlord.github.io package,
11 error not with npm itself.
11 error Tell the author that this fails on your system:
11 error     npm run git-co && npm run prep && npm run git-commit && npm run git-push
11 error You can get their info via:
11 error     npm owner ls jlord.github.io
11 error There is likely additional logging output above.
12 error System Darwin 13.1.0
13 error command "node" "/opt/boxen/nodenv/versions/v0.10/bin/npm" "run" "deploy"
14 error cwd /Users/jlord/jCode/jlord.github.io
15 error node -v v0.10.21
16 error npm -v 1.4.6
17 error code ELIFECYCLE
18 verbose exit [ 1, true ]
